2025-03-25 18:00:11,959 - Memulai scraping publikasi dari SINTA...
2025-03-25 18:00:13,379 - \u2705 2503 - 10 publikasi berhasil di-scrape
2025-03-25 18:00:16,145 - \u2705 2504 - 0 publikasi berhasil di-scrape
2025-03-25 18:00:18,301 - \u2705 2505 - 0 publikasi berhasil di-scrape
2025-03-25 18:00:22,332 - \u2705 2506 - 10 publikasi berhasil di-scrape
2025-03-25 18:00:24,951 - \u2705 2507 - 0 publikasi berhasil di-scrape
2025-03-25 18:00:28,847 - \u2705 2508 - 0 publikasi berhasil di-scrape
2025-03-25 18:00:31,822 - \u2705 2509 - 0 publikasi berhasil di-scrape
2025-03-25 18:00:35,714 - \u2705 2510 - 10 publikasi berhasil di-scrape
2025-03-25 18:00:38,860 - \u2705 2511 - 10 publikasi berhasil di-scrape
2025-03-25 18:00:42,666 - \u2705 2512 - 10 publikasi berhasil di-scrape
2025-03-25 18:00:46,852 - \u2705 2513 - 0 publikasi berhasil di-scrape
2025-03-25 18:00:49,123 - \u2705 2514 - 0 publikasi berhasil di-scrape
2025-03-25 18:00:56,898 - \u2705 2515 - 10 publikasi berhasil di-scrape
2025-03-25 18:02:05,772 - Memulai scraping publikasi dari SINTA...
2025-03-25 18:02:06,972 - \u2705 2503 - 10 publikasi berhasil di-scrape
2025-03-25 18:02:09,102 - \u2705 2504 - 0 publikasi berhasil di-scrape
2025-03-25 18:02:10,939 - \u2705 2505 - 0 publikasi berhasil di-scrape
2025-03-25 18:02:13,199 - \u2705 2506 - 10 publikasi berhasil di-scrape
2025-03-25 18:02:16,769 - \u2705 2507 - 0 publikasi berhasil di-scrape
2025-03-25 18:02:19,887 - \u2705 2508 - 0 publikasi berhasil di-scrape
2025-03-25 18:02:24,243 - \u2705 2509 - 0 publikasi berhasil di-scrape
2025-03-25 18:02:27,750 - \u2705 2510 - 10 publikasi berhasil di-scrape
2025-03-25 18:02:31,631 - \u2705 2511 - 10 publikasi berhasil di-scrape
2025-03-25 18:02:35,257 - \u2705 2512 - 10 publikasi berhasil di-scrape
2025-03-25 18:02:39,146 - \u2705 2513 - 0 publikasi berhasil di-scrape
2025-03-25 18:02:43,200 - \u2705 2514 - 0 publikasi berhasil di-scrape
2025-03-25 18:02:47,006 - \u2705 2515 - 10 publikasi berhasil di-scrape
2025-03-25 18:02:50,789 - \u2705 2516 - 0 publikasi berhasil di-scrape
2025-03-25 18:02:54,465 - \u2705 2517 - 0 publikasi berhasil di-scrape
2025-03-25 18:02:57,541 - \u2705 2518 - 10 publikasi berhasil di-scrape
2025-03-25 18:03:01,120 - \u2705 2519 - 4 publikasi berhasil di-scrape
2025-03-25 18:03:04,319 - \u2705 2520 - 10 publikasi berhasil di-scrape
2025-03-25 18:03:06,434 - \u2705 2521 - 7 publikasi berhasil di-scrape
2025-03-25 18:03:09,519 - \u2705 2522 - 10 publikasi berhasil di-scrape
2025-03-25 18:03:13,236 - \u2705 2523 - 10 publikasi berhasil di-scrape
2025-03-25 18:03:17,146 - \u2705 2524 - 10 publikasi berhasil di-scrape
2025-03-25 18:03:22,126 - \u2705 2525 - 10 publikasi berhasil di-scrape
2025-03-25 18:03:25,490 - \u2705 2526 - 0 publikasi berhasil di-scrape
2025-03-25 18:03:35,273 - \u2705 2527 - 10 publikasi berhasil di-scrape
2025-03-25 18:03:48,875 - \u274c Error scraping 2528: HTTPSConnectionPool(host='sinta.kemdikbud.go.id', port=443): Read timed out. (read timeout=10)
2025-03-25 18:03:53,694 - \u2705 2529 - 10 publikasi berhasil di-scrape
2025-03-25 18:04:07,625 - \u274c Error scraping 2530: HTTPSConnectionPool(host='sinta.kemdikbud.go.id', port=443): Read timed out. (read timeout=10)
2025-03-25 18:04:11,903 - \u2705 2531 - 10 publikasi berhasil di-scrape
2025-03-25 18:04:15,319 - \u2705 2532 - 10 publikasi berhasil di-scrape
2025-03-25 18:04:21,389 - \u2705 2533 - 10 publikasi berhasil di-scrape
2025-03-25 18:04:28,502 - \u2705 2534 - 10 publikasi berhasil di-scrape
2025-03-25 18:04:38,605 - \u2705 2535 - 10 publikasi berhasil di-scrape
2025-03-25 18:04:42,013 - \u2705 2536 - 0 publikasi berhasil di-scrape
2025-03-25 18:04:56,600 - \u2705 2537 - 0 publikasi berhasil di-scrape
2025-03-25 18:05:03,162 - \u2705 2538 - 10 publikasi berhasil di-scrape
2025-03-25 18:05:10,272 - \u2705 2539 - 10 publikasi berhasil di-scrape
2025-03-25 18:05:15,617 - \u2705 2540 - 10 publikasi berhasil di-scrape
2025-03-25 18:05:22,090 - \u2705 2541 - 10 publikasi berhasil di-scrape
2025-03-25 18:05:25,940 - \u2705 2542 - 0 publikasi berhasil di-scrape
2025-03-25 18:05:29,524 - \u2705 2543 - 0 publikasi berhasil di-scrape
2025-03-25 18:05:35,133 - \u2705 2544 - 10 publikasi berhasil di-scrape
2025-03-25 18:05:39,928 - \u2705 2545 - 10 publikasi berhasil di-scrape
2025-03-25 18:05:51,242 - \u2705 2546 - 10 publikasi berhasil di-scrape
2025-03-25 18:05:56,326 - \u2705 2547 - 10 publikasi berhasil di-scrape
2025-03-25 18:05:59,747 - \u2705 2548 - 10 publikasi berhasil di-scrape
2025-03-25 18:06:06,855 - \u2705 2549 - 10 publikasi berhasil di-scrape
2025-03-25 18:06:24,467 - \u274c Error scraping 2550: HTTPSConnectionPool(host='sinta.kemdikbud.go.id', port=443): Read timed out. (read timeout=10)
2025-03-25 18:06:29,431 - \u2705 2551 - 10 publikasi berhasil di-scrape
2025-03-25 18:06:36,188 - \u2705 2552 - 10 publikasi berhasil di-scrape
2025-03-25 18:06:42,252 - \u2705 2553 - 10 publikasi berhasil di-scrape
2025-03-25 18:06:48,175 - \u2705 2554 - 10 publikasi berhasil di-scrape
2025-03-25 18:06:59,575 - \u2705 2555 - 10 publikasi berhasil di-scrape
2025-03-25 18:07:09,486 - \u2705 2556 - 10 publikasi berhasil di-scrape
2025-03-25 18:07:21,234 - \u2705 2557 - 10 publikasi berhasil di-scrape
2025-03-25 18:07:24,833 - \u2705 2558 - 10 publikasi berhasil di-scrape
2025-03-25 18:07:30,152 - \u2705 2559 - 10 publikasi berhasil di-scrape
2025-03-25 18:07:37,850 - \u2705 2560 - 10 publikasi berhasil di-scrape
2025-03-25 18:07:52,192 - \u2705 2561 - 10 publikasi berhasil di-scrape
2025-03-25 18:08:05,471 - \u274c Error scraping 2562: HTTPSConnectionPool(host='sinta.kemdikbud.go.id', port=443): Read timed out. (read timeout=10)
2025-03-25 18:08:12,990 - \u2705 2563 - 10 publikasi berhasil di-scrape
2025-03-25 18:08:18,025 - \u2705 2564 - 10 publikasi berhasil di-scrape
2025-03-25 18:08:22,384 - \u2705 2565 - 10 publikasi berhasil di-scrape
2025-03-25 18:08:26,868 - \u2705 2566 - 10 publikasi berhasil di-scrape
2025-03-25 18:08:32,815 - \u2705 2567 - 10 publikasi berhasil di-scrape
2025-03-25 18:08:46,919 - \u274c Error scraping 2568: HTTPSConnectionPool(host='sinta.kemdikbud.go.id', port=443): Read timed out. (read timeout=10)
2025-03-25 18:08:51,600 - \u2705 2569 - 10 publikasi berhasil di-scrape
2025-03-25 18:08:56,384 - \u2705 2570 - 0 publikasi berhasil di-scrape
2025-03-25 19:03:50,131 - Memulai scraping publikasi dari SINTA...
2025-03-25 19:04:00,731 - \u274c Error scraping 2503: HTTPSConnectionPool(host='sinta.kemdikbud.go.id', port=443): Read timed out. (read timeout=10)
2025-03-25 19:04:13,449 - \u274c Error scraping 2504: HTTPSConnectionPool(host='sinta.kemdikbud.go.id', port=443): Read timed out. (read timeout=10)
2025-03-25 19:04:26,745 - \u274c Error scraping 2505: HTTPSConnectionPool(host='sinta.kemdikbud.go.id', port=443): Read timed out. (read timeout=10)
2025-03-25 19:04:40,026 - \u274c Error scraping 2506: HTTPSConnectionPool(host='sinta.kemdikbud.go.id', port=443): Read timed out. (read timeout=10)
2025-03-25 19:05:00,386 - \u274c Error scraping 2507: HTTPSConnectionPool(host='sinta.kemdikbud.go.id', port=443): Read timed out. (read timeout=10)
2025-03-25 19:05:12,246 - \u274c Error scraping 2508: HTTPSConnectionPool(host='sinta.kemdikbud.go.id', port=443): Read timed out. (read timeout=10)
2025-03-25 19:05:25,671 - \u274c Error scraping 2509: HTTPSConnectionPool(host='sinta.kemdikbud.go.id', port=443): Read timed out. (read timeout=10)
2025-03-25 19:05:39,073 - \u274c Error scraping 2510: HTTPSConnectionPool(host='sinta.kemdikbud.go.id', port=443): Read timed out. (read timeout=10)
2025-03-25 19:05:51,552 - \u274c Error scraping 2511: HTTPSConnectionPool(host='sinta.kemdikbud.go.id', port=443): Read timed out. (read timeout=10)
2025-03-25 19:06:22,337 - Memulai scraping publikasi dari SINTA...
2025-03-25 19:06:33,726 - \u274c Error scraping 2503: HTTPSConnectionPool(host='sinta.kemdikbud.go.id', port=443): Read timed out. (read timeout=10)
2025-03-25 19:06:47,934 - \u274c Error scraping 2504: HTTPSConnectionPool(host='sinta.kemdikbud.go.id', port=443): Read timed out. (read timeout=10)
2025-03-25 19:07:00,577 - \u274c Error scraping 2505: HTTPSConnectionPool(host='sinta.kemdikbud.go.id', port=443): Read timed out. (read timeout=10)
2025-03-25 19:07:12,819 - \u274c Error scraping 2506: HTTPSConnectionPool(host='sinta.kemdikbud.go.id', port=443): Read timed out. (read timeout=10)
2025-03-25 19:07:25,974 - \u274c Error scraping 2507: HTTPSConnectionPool(host='sinta.kemdikbud.go.id', port=443): Read timed out. (read timeout=10)
2025-03-25 19:07:38,576 - \u274c Error scraping 2508: HTTPSConnectionPool(host='sinta.kemdikbud.go.id', port=443): Read timed out. (read timeout=10)
2025-03-25 19:07:59,279 - \u274c Error scraping 2509: HTTPSConnectionPool(host='sinta.kemdikbud.go.id', port=443): Read timed out. (read timeout=10)
2025-03-25 19:08:12,323 - \u274c Error scraping 2510: HTTPSConnectionPool(host='sinta.kemdikbud.go.id', port=443): Read timed out. (read timeout=10)
2025-04-16 23:03:25,819 - Memulai scraping publikasi dari SINTA...
2025-04-16 23:03:25,820 - \u274c Error during scraping: scrape_sinta() takes 0 positional arguments but 3 were given
2025-04-16 23:03:25,820 - Scraping selesai! Data tersimpan di data/data_sinta.csv
2025-04-16 23:04:19,738 - Memulai scraping publikasi dari SINTA...
2025-04-16 23:04:19,738 - \u274c Error during scraping: scrape_sinta() takes 0 positional arguments but 3 were given
2025-04-16 23:04:19,739 - Scraping selesai! Data tersimpan di data/data_sinta.csv
2025-04-16 23:23:38,114 - Memulai scraping publikasi dari SINTA...
2025-04-16 23:23:38,115 - \u274c Error during scraping: scrape_sinta() takes 0 positional arguments but 3 were given
2025-04-16 23:23:38,115 - Scraping selesai! Data tersimpan di data/data_sinta.csv
2025-04-19 16:52:22,016 - Memulai scraping publikasi dari SINTA...
2025-04-19 16:52:22,578 - \u2705 2503 - 10 publikasi berhasil di-scrape
2025-04-19 16:52:22,586 - \u26a0\ufe0f Tidak ada publikasi ditemukan di halaman 2504
2025-04-19 16:52:22,608 - \u26a0\ufe0f Tidak ada publikasi ditemukan di halaman 2505
2025-04-19 16:52:22,620 - \U0001f389 Scraping selesai! Data tersimpan di data/data_sinta_fixed.csv
2025-04-19 16:52:22,624 - Scraping selesai! Data tersimpan di data/data_sinta_fixed.csv
2025-04-19 16:54:27,302 - Memulai scraping publikasi dari SINTA...
2025-04-19 16:54:27,621 - \u2705 2503 - 10 publikasi berhasil di-scrape
2025-04-19 16:54:27,643 - \u26a0\ufe0f Tidak ada publikasi ditemukan di halaman 2504
2025-04-19 16:54:27,664 - \u26a0\ufe0f Tidak ada publikasi ditemukan di halaman 2505
2025-04-19 16:54:27,673 - \U0001f389 Scraping selesai! Data tersimpan di data/data_sinta_complete.csv
2025-04-19 16:54:27,674 - Scraping selesai! Data tersimpan di data/data_sinta_complete.csv
2025-04-19 16:55:04,010 - Memulai scraping publikasi dari SINTA...
2025-04-19 16:55:04,477 - \u2705 2503 - 10 publikasi berhasil di-scrape
2025-04-19 16:55:04,497 - \u26a0\ufe0f Tidak ada publikasi ditemukan di halaman 2504
2025-04-19 16:55:04,523 - \u26a0\ufe0f Tidak ada publikasi ditemukan di halaman 2505
2025-04-19 16:55:04,549 - \u2705 2506 - 10 publikasi berhasil di-scrape
2025-04-19 16:55:04,565 - \u26a0\ufe0f Tidak ada publikasi ditemukan di halaman 2507
2025-04-19 16:55:04,583 - \u26a0\ufe0f Tidak ada publikasi ditemukan di halaman 2508
2025-04-19 16:55:04,606 - \u26a0\ufe0f Tidak ada publikasi ditemukan di halaman 2509
2025-04-19 16:55:04,640 - \u2705 2510 - 10 publikasi berhasil di-scrape
2025-04-19 16:55:04,646 - \U0001f389 Scraping selesai! Data tersimpan di data/data_sinta_final.csv
2025-04-19 16:55:04,648 - Scraping selesai! Data tersimpan di data/data_sinta_final.csv
